Grammar

    0 $accept: Program $end

    1 Program: ExtDefList

    2 ExtDefList: ExtDef ExtDefList
    3           | /* empty */

    4 ExtDef: Specifier ExtDecList SEMI
    5       | Specifier SEMI
    6       | Specifier FunDec CompSt
    7       | error SEMI

    8 ExtDecList: VarDec
    9           | VarDec COMMA ExtDecList

   10 Specifier: TYPE
   11          | StructSpecifier

   12 StructSpecifier: STRUCT OptTag LC DefList RC
   13                | STRUCT Tag

   14 OptTag: ID
   15       | /* empty */

   16 Tag: ID

   17 VarDec: ID
   18       | VarDec LB INT RB

   19 FunDec: ID LP VarList RP
   20       | ID LP RP

   21 VarList: ParamDec COMMA VarList
   22        | ParamDec

   23 ParamDec: Specifier VarDec

   24 CompSt: LC DefList StmtList RC

   25 StmtList: Stmt StmtList
   26         | /* empty */

   27 Stmt: Exp SEMI
   28     | CompSt
   29     | RETURN Exp SEMI
   30     | IF LP Exp RP Stmt
   31     | IF LP Exp RP Stmt ELSE Stmt
   32     | WHILE LP Exp RP Stmt
   33     | error SEMI

   34 DefList: Def DefList
   35        | /* empty */

   36 Def: Specifier DecList SEMI

   37 DecList: Dec
   38        | Dec COMMA DecList

   39 Dec: VarDec
   40    | VarDec ASSIGNOP Exp

   41 Exp: Exp ASSIGNOP Exp
   42    | Exp AND Exp
   43    | Exp OR Exp
   44    | Exp RELOP Exp
   45    | Exp PLUS Exp
   46    | Exp MINUS Exp
   47    | Exp STAR Exp
   48    | Exp DIV Exp
   49    | LP Exp RP
   50    | MINUS Exp
   51    | NOT Exp
   52    | ID LP Args RP
   53    | ID LP RP
   54    | Exp LB Exp RB
   55    | Exp DOT ID
   56    | ID
   57    | INT
   58    | FLOAT
   59    | LP error RP
   60    | Exp LB error RB

   61 Args: Exp COMMA Args
   62     | Exp


Terminals, with rules where they appear

$end (0) 0
error (256) 7 33 59 60
INT (258) 18 57
FLOAT (259) 58
ID (260) 14 16 17 19 20 52 53 55 56
SEMI (261) 4 5 7 27 29 33 36
COMMA (262) 9 21 38 61
ASSIGNOP (263) 40 41
RELOP (264) 44
PLUS (265) 45
MINUS (266) 46 50
STAR (267) 47
DIV (268) 48
AND (269) 42
OR (270) 43
DOT (271) 55
NOT (272) 51
TYPE (273) 10
LP (274) 19 20 30 31 32 49 52 53 59
RP (275) 19 20 30 31 32 49 52 53 59
LB (276) 18 54 60
RB (277) 18 54 60
LC (278) 12 24
RC (279) 12 24
STRUCT (280) 12 13
RETURN (281) 29
IF (282) 30 31
ELSE (283) 31
WHILE (284) 32
LOWER_THAN_ELSE (285)


Nonterminals, with rules where they appear

$accept (31)
    on left: 0
Program (32)
    on left: 1, on right: 0
ExtDefList (33)
    on left: 2 3, on right: 1 2
ExtDef (34)
    on left: 4 5 6 7, on right: 2
ExtDecList (35)
    on left: 8 9, on right: 4 9
Specifier (36)
    on left: 10 11, on right: 4 5 6 23 36
StructSpecifier (37)
    on left: 12 13, on right: 11
OptTag (38)
    on left: 14 15, on right: 12
Tag (39)
    on left: 16, on right: 13
VarDec (40)
    on left: 17 18, on right: 8 9 18 23 39 40
FunDec (41)
    on left: 19 20, on right: 6
VarList (42)
    on left: 21 22, on right: 19 21
ParamDec (43)
    on left: 23, on right: 21 22
CompSt (44)
    on left: 24, on right: 6 28
StmtList (45)
    on left: 25 26, on right: 24 25
Stmt (46)
    on left: 27 28 29 30 31 32 33, on right: 25 30 31 32
DefList (47)
    on left: 34 35, on right: 12 24 34
Def (48)
    on left: 36, on right: 34
DecList (49)
    on left: 37 38, on right: 36 38
Dec (50)
    on left: 39 40, on right: 37 38
Exp (51)
    on left: 41 42 43 44 45 46 47 48 49 50 51 52 53 54 55 56 57 58
    59 60, on right: 27 29 30 31 32 40 41 42 43 44 45 46 47 48 49 50
    51 54 55 60 61 62
Args (52)
    on left: 61 62, on right: 52 61


state 0

    0 $accept: . Program $end

    error   shift, and go to state 1
    TYPE    shift, and go to state 2
    STRUCT  shift, and go to state 3

    $end  reduce using rule 3 (ExtDefList)

    Program          go to state 4
    ExtDefList       go to state 5
    ExtDef           go to state 6
    Specifier        go to state 7
    StructSpecifier  go to state 8


state 1

    7 ExtDef: error . SEMI

    SEMI  shift, and go to state 9


state 2

   10 Specifier: TYPE .

    $default  reduce using rule 10 (Specifier)


state 3

   12 StructSpecifier: STRUCT . OptTag LC DefList RC
   13                | STRUCT . Tag

    ID  shift, and go to state 10

    $default  reduce using rule 15 (OptTag)

    OptTag  go to state 11
    Tag     go to state 12


state 4

    0 $accept: Program . $end

    $end  shift, and go to state 13


state 5

    1 Program: ExtDefList .

    $default  reduce using rule 1 (Program)


state 6

    2 ExtDefList: ExtDef . ExtDefList

    error   shift, and go to state 1
    TYPE    shift, and go to state 2
    STRUCT  shift, and go to state 3

    $end  reduce using rule 3 (ExtDefList)

    ExtDefList       go to state 14
    ExtDef           go to state 6
    Specifier        go to state 7
    StructSpecifier  go to state 8


state 7

    4 ExtDef: Specifier . ExtDecList SEMI
    5       | Specifier . SEMI
    6       | Specifier . FunDec CompSt

    ID    shift, and go to state 15
    SEMI  shift, and go to state 16

    ExtDecList  go to state 17
    VarDec      go to state 18
    FunDec      go to state 19


state 8

   11 Specifier: StructSpecifier .

    $default  reduce using rule 11 (Specifier)


state 9

    7 ExtDef: error SEMI .

    $default  reduce using rule 7 (ExtDef)


state 10

   14 OptTag: ID .
   16 Tag: ID .

    LC        reduce using rule 14 (OptTag)
    $default  reduce using rule 16 (Tag)


state 11

   12 StructSpecifier: STRUCT OptTag . LC DefList RC

    LC  shift, and go to state 20


state 12

   13 StructSpecifier: STRUCT Tag .

    $default  reduce using rule 13 (StructSpecifier)


state 13

    0 $accept: Program $end .

    $default  accept


state 14

    2 ExtDefList: ExtDef ExtDefList .

    $default  reduce using rule 2 (ExtDefList)


state 15

   17 VarDec: ID .
   19 FunDec: ID . LP VarList RP
   20       | ID . LP RP

    LP  shift, and go to state 21

    $default  reduce using rule 17 (VarDec)


state 16

    5 ExtDef: Specifier SEMI .

    $default  reduce using rule 5 (ExtDef)


state 17

    4 ExtDef: Specifier ExtDecList . SEMI

    SEMI  shift, and go to state 22


state 18

    8 ExtDecList: VarDec .
    9           | VarDec . COMMA ExtDecList
   18 VarDec: VarDec . LB INT RB

    COMMA  shift, and go to state 23
    LB     shift, and go to state 24

    $default  reduce using rule 8 (ExtDecList)


state 19

    6 ExtDef: Specifier FunDec . CompSt

    LC  shift, and go to state 25

    CompSt  go to state 26


state 20

   12 StructSpecifier: STRUCT OptTag LC . DefList RC

    TYPE    shift, and go to state 2
    STRUCT  shift, and go to state 3

    $default  reduce using rule 35 (DefList)

    Specifier        go to state 27
    StructSpecifier  go to state 8
    DefList          go to state 28
    Def              go to state 29


state 21

   19 FunDec: ID LP . VarList RP
   20       | ID LP . RP

    TYPE    shift, and go to state 2
    RP      shift, and go to state 30
    STRUCT  shift, and go to state 3

    Specifier        go to state 31
    StructSpecifier  go to state 8
    VarList          go to state 32
    ParamDec         go to state 33


state 22

    4 ExtDef: Specifier ExtDecList SEMI .

    $default  reduce using rule 4 (ExtDef)


state 23

    9 ExtDecList: VarDec COMMA . ExtDecList

    ID  shift, and go to state 34

    ExtDecList  go to state 35
    VarDec      go to state 18


state 24

   18 VarDec: VarDec LB . INT RB

    INT  shift, and go to state 36


state 25

   24 CompSt: LC . DefList StmtList RC

    TYPE    shift, and go to state 2
    STRUCT  shift, and go to state 3

    $default  reduce using rule 35 (DefList)

    Specifier        go to state 27
    StructSpecifier  go to state 8
    DefList          go to state 37
    Def              go to state 29


state 26

    6 ExtDef: Specifier FunDec CompSt .

    $default  reduce using rule 6 (ExtDef)


state 27

   36 Def: Specifier . DecList SEMI

    ID  shift, and go to state 34

    VarDec   go to state 38
    DecList  go to state 39
    Dec      go to state 40


state 28

   12 StructSpecifier: STRUCT OptTag LC DefList . RC

    RC  shift, and go to state 41


state 29

   34 DefList: Def . DefList

    TYPE    shift, and go to state 2
    STRUCT  shift, and go to state 3

    $default  reduce using rule 35 (DefList)

    Specifier        go to state 27
    StructSpecifier  go to state 8
    DefList          go to state 42
    Def              go to state 29


state 30

   20 FunDec: ID LP RP .

    $default  reduce using rule 20 (FunDec)


state 31

   23 ParamDec: Specifier . VarDec

    ID  shift, and go to state 34

    VarDec  go to state 43


state 32

   19 FunDec: ID LP VarList . RP

    RP  shift, and go to state 44


state 33

   21 VarList: ParamDec . COMMA VarList
   22        | ParamDec .

    COMMA  shift, and go to state 45

    $default  reduce using rule 22 (VarList)


state 34

   17 VarDec: ID .

    $default  reduce using rule 17 (VarDec)


state 35

    9 ExtDecList: VarDec COMMA ExtDecList .

    $default  reduce using rule 9 (ExtDecList)


state 36

   18 VarDec: VarDec LB INT . RB

    RB  shift, and go to state 46


state 37

   24 CompSt: LC DefList . StmtList RC

    error   shift, and go to state 47
    INT     shift, and go to state 48
    FLOAT   shift, and go to state 49
    ID      shift, and go to state 50
    MINUS   shift, and go to state 51
    NOT     shift, and go to state 52
    LP      shift, and go to state 53
    LC      shift, and go to state 25
    RETURN  shift, and go to state 54
    IF      shift, and go to state 55
    WHILE   shift, and go to state 56

    RC  reduce using rule 26 (StmtList)

    CompSt    go to state 57
    StmtList  go to state 58
    Stmt      go to state 59
    Exp       go to state 60


state 38

   18 VarDec: VarDec . LB INT RB
   39 Dec: VarDec .
   40    | VarDec . ASSIGNOP Exp

    ASSIGNOP  shift, and go to state 61
    LB        shift, and go to state 24

    $default  reduce using rule 39 (Dec)


state 39

   36 Def: Specifier DecList . SEMI

    SEMI  shift, and go to state 62


state 40

   37 DecList: Dec .
   38        | Dec . COMMA DecList

    COMMA  shift, and go to state 63

    $default  reduce using rule 37 (DecList)


state 41

   12 StructSpecifier: STRUCT OptTag LC DefList RC .

    $default  reduce using rule 12 (StructSpecifier)


state 42

   34 DefList: Def DefList .

    $default  reduce using rule 34 (DefList)


state 43

   18 VarDec: VarDec . LB INT RB
   23 ParamDec: Specifier VarDec .

    LB  shift, and go to state 24

    $default  reduce using rule 23 (ParamDec)


state 44

   19 FunDec: ID LP VarList RP .

    $default  reduce using rule 19 (FunDec)


state 45

   21 VarList: ParamDec COMMA . VarList

    TYPE    shift, and go to state 2
    STRUCT  shift, and go to state 3

    Specifier        go to state 31
    StructSpecifier  go to state 8
    VarList          go to state 64
    ParamDec         go to state 33


state 46

   18 VarDec: VarDec LB INT RB .

    $default  reduce using rule 18 (VarDec)


state 47

   33 Stmt: error . SEMI

    SEMI  shift, and go to state 65


state 48

   57 Exp: INT .

    $default  reduce using rule 57 (Exp)


state 49

   58 Exp: FLOAT .

    $default  reduce using rule 58 (Exp)


state 50

   52 Exp: ID . LP Args RP
   53    | ID . LP RP
   56    | ID .

    LP  shift, and go to state 66

    $default  reduce using rule 56 (Exp)


state 51

   50 Exp: MINUS . Exp

    INT    shift, and go to state 48
    FLOAT  shift, and go to state 49
    ID     shift, and go to state 50
    MINUS  shift, and go to state 51
    NOT    shift, and go to state 52
    LP     shift, and go to state 53

    Exp  go to state 67


state 52

   51 Exp: NOT . Exp

    INT    shift, and go to state 48
    FLOAT  shift, and go to state 49
    ID     shift, and go to state 50
    MINUS  shift, and go to state 51
    NOT    shift, and go to state 52
    LP     shift, and go to state 53

    Exp  go to state 68


state 53

   49 Exp: LP . Exp RP
   59    | LP . error RP

    error  shift, and go to state 69
    INT    shift, and go to state 48
    FLOAT  shift, and go to state 49
    ID     shift, and go to state 50
    MINUS  shift, and go to state 51
    NOT    shift, and go to state 52
    LP     shift, and go to state 53

    Exp  go to state 70


state 54

   29 Stmt: RETURN . Exp SEMI

    INT    shift, and go to state 48
    FLOAT  shift, and go to state 49
    ID     shift, and go to state 50
    MINUS  shift, and go to state 51
    NOT    shift, and go to state 52
    LP     shift, and go to state 53

    Exp  go to state 71


state 55

   30 Stmt: IF . LP Exp RP Stmt
   31     | IF . LP Exp RP Stmt ELSE Stmt

    LP  shift, and go to state 72


state 56

   32 Stmt: WHILE . LP Exp RP Stmt

    LP  shift, and go to state 73


state 57

   28 Stmt: CompSt .

    $default  reduce using rule 28 (Stmt)


state 58

   24 CompSt: LC DefList StmtList . RC

    RC  shift, and go to state 74


state 59

   25 StmtList: Stmt . StmtList

    error   shift, and go to state 47
    INT     shift, and go to state 48
    FLOAT   shift, and go to state 49
    ID      shift, and go to state 50
    MINUS   shift, and go to state 51
    NOT     shift, and go to state 52
    LP      shift, and go to state 53
    LC      shift, and go to state 25
    RETURN  shift, and go to state 54
    IF      shift, and go to state 55
    WHILE   shift, and go to state 56

    RC  reduce using rule 26 (StmtList)

    CompSt    go to state 57
    StmtList  go to state 75
    Stmt      go to state 59
    Exp       go to state 60


state 60

   27 Stmt: Exp . SEMI
   41 Exp: Exp . ASSIGNOP Exp
   42    | Exp . AND Exp
   43    | Exp . OR Exp
   44    | Exp . RELOP Exp
   45    | Exp . PLUS Exp
   46    | Exp . MINUS Exp
   47    | Exp . STAR Exp
   48    | Exp . DIV Exp
   54    | Exp . LB Exp RB
   55    | Exp . DOT ID
   60    | Exp . LB error RB

    SEMI      shift, and go to state 76
    ASSIGNOP  shift, and go to state 77
    RELOP     shift, and go to state 78
    PLUS      shift, and go to state 79
    MINUS     shift, and go to state 80
    STAR      shift, and go to state 81
    DIV       shift, and go to state 82
    AND       shift, and go to state 83
    OR        shift, and go to state 84
    DOT       shift, and go to state 85
    LB        shift, and go to state 86


state 61

   40 Dec: VarDec ASSIGNOP . Exp

    INT    shift, and go to state 48
    FLOAT  shift, and go to state 49
    ID     shift, and go to state 50
    MINUS  shift, and go to state 51
    NOT    shift, and go to state 52
    LP     shift, and go to state 53

    Exp  go to state 87


state 62

   36 Def: Specifier DecList SEMI .

    $default  reduce using rule 36 (Def)


state 63

   38 DecList: Dec COMMA . DecList

    ID  shift, and go to state 34

    VarDec   go to state 38
    DecList  go to state 88
    Dec      go to state 40


state 64

   21 VarList: ParamDec COMMA VarList .

    $default  reduce using rule 21 (VarList)


state 65

   33 Stmt: error SEMI .

    $default  reduce using rule 33 (Stmt)


state 66

   52 Exp: ID LP . Args RP
   53    | ID LP . RP

    INT    shift, and go to state 48
    FLOAT  shift, and go to state 49
    ID     shift, and go to state 50
    MINUS  shift, and go to state 51
    NOT    shift, and go to state 52
    LP     shift, and go to state 53
    RP     shift, and go to state 89

    Exp   go to state 90
    Args  go to state 91


state 67

   41 Exp: Exp . ASSIGNOP Exp
   42    | Exp . AND Exp
   43    | Exp . OR Exp
   44    | Exp . RELOP Exp
   45    | Exp . PLUS Exp
   46    | Exp . MINUS Exp
   47    | Exp . STAR Exp
   48    | Exp . DIV Exp
   50    | MINUS Exp .
   54    | Exp . LB Exp RB
   55    | Exp . DOT ID
   60    | Exp . LB error RB

    STAR  shift, and go to state 81
    DIV   shift, and go to state 82
    DOT   shift, and go to state 85
    LB    shift, and go to state 86

    $default  reduce using rule 50 (Exp)


state 68

   41 Exp: Exp . ASSIGNOP Exp
   42    | Exp . AND Exp
   43    | Exp . OR Exp
   44    | Exp . RELOP Exp
   45    | Exp . PLUS Exp
   46    | Exp . MINUS Exp
   47    | Exp . STAR Exp
   48    | Exp . DIV Exp
   51    | NOT Exp .
   54    | Exp . LB Exp RB
   55    | Exp . DOT ID
   60    | Exp . LB error RB

    DOT  shift, and go to state 85
    LB   shift, and go to state 86

    $default  reduce using rule 51 (Exp)


state 69

   59 Exp: LP error . RP

    RP  shift, and go to state 92


state 70

   41 Exp: Exp . ASSIGNOP Exp
   42    | Exp . AND Exp
   43    | Exp . OR Exp
   44    | Exp . RELOP Exp
   45    | Exp . PLUS Exp
   46    | Exp . MINUS Exp
   47    | Exp . STAR Exp
   48    | Exp . DIV Exp
   49    | LP Exp . RP
   54    | Exp . LB Exp RB
   55    | Exp . DOT ID
   60    | Exp . LB error RB

    ASSIGNOP  shift, and go to state 77
    RELOP     shift, and go to state 78
    PLUS      shift, and go to state 79
    MINUS     shift, and go to state 80
    STAR      shift, and go to state 81
    DIV       shift, and go to state 82
    AND       shift, and go to state 83
    OR        shift, and go to state 84
    DOT       shift, and go to state 85
    RP        shift, and go to state 93
    LB        shift, and go to state 86


state 71

   29 Stmt: RETURN Exp . SEMI
   41 Exp: Exp . ASSIGNOP Exp
   42    | Exp . AND Exp
   43    | Exp . OR Exp
   44    | Exp . RELOP Exp
   45    | Exp . PLUS Exp
   46    | Exp . MINUS Exp
   47    | Exp . STAR Exp
   48    | Exp . DIV Exp
   54    | Exp . LB Exp RB
   55    | Exp . DOT ID
   60    | Exp . LB error RB

    SEMI      shift, and go to state 94
    ASSIGNOP  shift, and go to state 77
    RELOP     shift, and go to state 78
    PLUS      shift, and go to state 79
    MINUS     shift, and go to state 80
    STAR      shift, and go to state 81
    DIV       shift, and go to state 82
    AND       shift, and go to state 83
    OR        shift, and go to state 84
    DOT       shift, and go to state 85
    LB        shift, and go to state 86


state 72

   30 Stmt: IF LP . Exp RP Stmt
   31     | IF LP . Exp RP Stmt ELSE Stmt

    INT    shift, and go to state 48
    FLOAT  shift, and go to state 49
    ID     shift, and go to state 50
    MINUS  shift, and go to state 51
    NOT    shift, and go to state 52
    LP     shift, and go to state 53

    Exp  go to state 95


state 73

   32 Stmt: WHILE LP . Exp RP Stmt

    INT    shift, and go to state 48
    FLOAT  shift, and go to state 49
    ID     shift, and go to state 50
    MINUS  shift, and go to state 51
    NOT    shift, and go to state 52
    LP     shift, and go to state 53

    Exp  go to state 96


state 74

   24 CompSt: LC DefList StmtList RC .

    $default  reduce using rule 24 (CompSt)


state 75

   25 StmtList: Stmt StmtList .

    $default  reduce using rule 25 (StmtList)


state 76

   27 Stmt: Exp SEMI .

    $default  reduce using rule 27 (Stmt)


state 77

   41 Exp: Exp ASSIGNOP . Exp

    INT    shift, and go to state 48
    FLOAT  shift, and go to state 49
    ID     shift, and go to state 50
    MINUS  shift, and go to state 51
    NOT    shift, and go to state 52
    LP     shift, and go to state 53

    Exp  go to state 97


state 78

   44 Exp: Exp RELOP . Exp

    INT    shift, and go to state 48
    FLOAT  shift, and go to state 49
    ID     shift, and go to state 50
    MINUS  shift, and go to state 51
    NOT    shift, and go to state 52
    LP     shift, and go to state 53

    Exp  go to state 98


state 79

   45 Exp: Exp PLUS . Exp

    INT    shift, and go to state 48
    FLOAT  shift, and go to state 49
    ID     shift, and go to state 50
    MINUS  shift, and go to state 51
    NOT    shift, and go to state 52
    LP     shift, and go to state 53

    Exp  go to state 99


state 80

   46 Exp: Exp MINUS . Exp

    INT    shift, and go to state 48
    FLOAT  shift, and go to state 49
    ID     shift, and go to state 50
    MINUS  shift, and go to state 51
    NOT    shift, and go to state 52
    LP     shift, and go to state 53

    Exp  go to state 100


state 81

   47 Exp: Exp STAR . Exp

    INT    shift, and go to state 48
    FLOAT  shift, and go to state 49
    ID     shift, and go to state 50
    MINUS  shift, and go to state 51
    NOT    shift, and go to state 52
    LP     shift, and go to state 53

    Exp  go to state 101


state 82

   48 Exp: Exp DIV . Exp

    INT    shift, and go to state 48
    FLOAT  shift, and go to state 49
    ID     shift, and go to state 50
    MINUS  shift, and go to state 51
    NOT    shift, and go to state 52
    LP     shift, and go to state 53

    Exp  go to state 102


state 83

   42 Exp: Exp AND . Exp

    INT    shift, and go to state 48
    FLOAT  shift, and go to state 49
    ID     shift, and go to state 50
    MINUS  shift, and go to state 51
    NOT    shift, and go to state 52
    LP     shift, and go to state 53

    Exp  go to state 103


state 84

   43 Exp: Exp OR . Exp

    INT    shift, and go to state 48
    FLOAT  shift, and go to state 49
    ID     shift, and go to state 50
    MINUS  shift, and go to state 51
    NOT    shift, and go to state 52
    LP     shift, and go to state 53

    Exp  go to state 104


state 85

   55 Exp: Exp DOT . ID

    ID  shift, and go to state 105


state 86

   54 Exp: Exp LB . Exp RB
   60    | Exp LB . error RB

    error  shift, and go to state 106
    INT    shift, and go to state 48
    FLOAT  shift, and go to state 49
    ID     shift, and go to state 50
    MINUS  shift, and go to state 51
    NOT    shift, and go to state 52
    LP     shift, and go to state 53

    Exp  go to state 107


state 87

   40 Dec: VarDec ASSIGNOP Exp .
   41 Exp: Exp . ASSIGNOP Exp
   42    | Exp . AND Exp
   43    | Exp . OR Exp
   44    | Exp . RELOP Exp
   45    | Exp . PLUS Exp
   46    | Exp . MINUS Exp
   47    | Exp . STAR Exp
   48    | Exp . DIV Exp
   54    | Exp . LB Exp RB
   55    | Exp . DOT ID
   60    | Exp . LB error RB

    ASSIGNOP  shift, and go to state 77
    RELOP     shift, and go to state 78
    PLUS      shift, and go to state 79
    MINUS     shift, and go to state 80
    STAR      shift, and go to state 81
    DIV       shift, and go to state 82
    AND       shift, and go to state 83
    OR        shift, and go to state 84
    DOT       shift, and go to state 85
    LB        shift, and go to state 86

    $default  reduce using rule 40 (Dec)


state 88

   38 DecList: Dec COMMA DecList .

    $default  reduce using rule 38 (DecList)


state 89

   53 Exp: ID LP RP .

    $default  reduce using rule 53 (Exp)


state 90

   41 Exp: Exp . ASSIGNOP Exp
   42    | Exp . AND Exp
   43    | Exp . OR Exp
   44    | Exp . RELOP Exp
   45    | Exp . PLUS Exp
   46    | Exp . MINUS Exp
   47    | Exp . STAR Exp
   48    | Exp . DIV Exp
   54    | Exp . LB Exp RB
   55    | Exp . DOT ID
   60    | Exp . LB error RB
   61 Args: Exp . COMMA Args
   62     | Exp .

    COMMA     shift, and go to state 108
    ASSIGNOP  shift, and go to state 77
    RELOP     shift, and go to state 78
    PLUS      shift, and go to state 79
    MINUS     shift, and go to state 80
    STAR      shift, and go to state 81
    DIV       shift, and go to state 82
    AND       shift, and go to state 83
    OR        shift, and go to state 84
    DOT       shift, and go to state 85
    LB        shift, and go to state 86

    $default  reduce using rule 62 (Args)


state 91

   52 Exp: ID LP Args . RP

    RP  shift, and go to state 109


state 92

   59 Exp: LP error RP .

    $default  reduce using rule 59 (Exp)


state 93

   49 Exp: LP Exp RP .

    $default  reduce using rule 49 (Exp)


state 94

   29 Stmt: RETURN Exp SEMI .

    $default  reduce using rule 29 (Stmt)


state 95

   30 Stmt: IF LP Exp . RP Stmt
   31     | IF LP Exp . RP Stmt ELSE Stmt
   41 Exp: Exp . ASSIGNOP Exp
   42    | Exp . AND Exp
   43    | Exp . OR Exp
   44    | Exp . RELOP Exp
   45    | Exp . PLUS Exp
   46    | Exp . MINUS Exp
   47    | Exp . STAR Exp
   48    | Exp . DIV Exp
   54    | Exp . LB Exp RB
   55    | Exp . DOT ID
   60    | Exp . LB error RB

    ASSIGNOP  shift, and go to state 77
    RELOP     shift, and go to state 78
    PLUS      shift, and go to state 79
    MINUS     shift, and go to state 80
    STAR      shift, and go to state 81
    DIV       shift, and go to state 82
    AND       shift, and go to state 83
    OR        shift, and go to state 84
    DOT       shift, and go to state 85
    RP        shift, and go to state 110
    LB        shift, and go to state 86


state 96

   32 Stmt: WHILE LP Exp . RP Stmt
   41 Exp: Exp . ASSIGNOP Exp
   42    | Exp . AND Exp
   43    | Exp . OR Exp
   44    | Exp . RELOP Exp
   45    | Exp . PLUS Exp
   46    | Exp . MINUS Exp
   47    | Exp . STAR Exp
   48    | Exp . DIV Exp
   54    | Exp . LB Exp RB
   55    | Exp . DOT ID
   60    | Exp . LB error RB

    ASSIGNOP  shift, and go to state 77
    RELOP     shift, and go to state 78
    PLUS      shift, and go to state 79
    MINUS     shift, and go to state 80
    STAR      shift, and go to state 81
    DIV       shift, and go to state 82
    AND       shift, and go to state 83
    OR        shift, and go to state 84
    DOT       shift, and go to state 85
    RP        shift, and go to state 111
    LB        shift, and go to state 86


state 97

   41 Exp: Exp . ASSIGNOP Exp
   41    | Exp ASSIGNOP Exp .
   42    | Exp . AND Exp
   43    | Exp . OR Exp
   44    | Exp . RELOP Exp
   45    | Exp . PLUS Exp
   46    | Exp . MINUS Exp
   47    | Exp . STAR Exp
   48    | Exp . DIV Exp
   54    | Exp . LB Exp RB
   55    | Exp . DOT ID
   60    | Exp . LB error RB

    ASSIGNOP  shift, and go to state 77
    RELOP     shift, and go to state 78
    PLUS      shift, and go to state 79
    MINUS     shift, and go to state 80
    STAR      shift, and go to state 81
    DIV       shift, and go to state 82
    AND       shift, and go to state 83
    OR        shift, and go to state 84
    DOT       shift, and go to state 85
    LB        shift, and go to state 86

    $default  reduce using rule 41 (Exp)


state 98

   41 Exp: Exp . ASSIGNOP Exp
   42    | Exp . AND Exp
   43    | Exp . OR Exp
   44    | Exp . RELOP Exp
   44    | Exp RELOP Exp .
   45    | Exp . PLUS Exp
   46    | Exp . MINUS Exp
   47    | Exp . STAR Exp
   48    | Exp . DIV Exp
   54    | Exp . LB Exp RB
   55    | Exp . DOT ID
   60    | Exp . LB error RB

    PLUS   shift, and go to state 79
    MINUS  shift, and go to state 80
    STAR   shift, and go to state 81
    DIV    shift, and go to state 82
    DOT    shift, and go to state 85
    LB     shift, and go to state 86

    $default  reduce using rule 44 (Exp)


state 99

   41 Exp: Exp . ASSIGNOP Exp
   42    | Exp . AND Exp
   43    | Exp . OR Exp
   44    | Exp . RELOP Exp
   45    | Exp . PLUS Exp
   45    | Exp PLUS Exp .
   46    | Exp . MINUS Exp
   47    | Exp . STAR Exp
   48    | Exp . DIV Exp
   54    | Exp . LB Exp RB
   55    | Exp . DOT ID
   60    | Exp . LB error RB

    STAR  shift, and go to state 81
    DIV   shift, and go to state 82
    DOT   shift, and go to state 85
    LB    shift, and go to state 86

    $default  reduce using rule 45 (Exp)


state 100

   41 Exp: Exp . ASSIGNOP Exp
   42    | Exp . AND Exp
   43    | Exp . OR Exp
   44    | Exp . RELOP Exp
   45    | Exp . PLUS Exp
   46    | Exp . MINUS Exp
   46    | Exp MINUS Exp .
   47    | Exp . STAR Exp
   48    | Exp . DIV Exp
   54    | Exp . LB Exp RB
   55    | Exp . DOT ID
   60    | Exp . LB error RB

    STAR  shift, and go to state 81
    DIV   shift, and go to state 82
    DOT   shift, and go to state 85
    LB    shift, and go to state 86

    $default  reduce using rule 46 (Exp)


state 101

   41 Exp: Exp . ASSIGNOP Exp
   42    | Exp . AND Exp
   43    | Exp . OR Exp
   44    | Exp . RELOP Exp
   45    | Exp . PLUS Exp
   46    | Exp . MINUS Exp
   47    | Exp . STAR Exp
   47    | Exp STAR Exp .
   48    | Exp . DIV Exp
   54    | Exp . LB Exp RB
   55    | Exp . DOT ID
   60    | Exp . LB error RB

    DOT  shift, and go to state 85
    LB   shift, and go to state 86

    $default  reduce using rule 47 (Exp)


state 102

   41 Exp: Exp . ASSIGNOP Exp
   42    | Exp . AND Exp
   43    | Exp . OR Exp
   44    | Exp . RELOP Exp
   45    | Exp . PLUS Exp
   46    | Exp . MINUS Exp
   47    | Exp . STAR Exp
   48    | Exp . DIV Exp
   48    | Exp DIV Exp .
   54    | Exp . LB Exp RB
   55    | Exp . DOT ID
   60    | Exp . LB error RB

    DOT  shift, and go to state 85
    LB   shift, and go to state 86

    $default  reduce using rule 48 (Exp)


state 103

   41 Exp: Exp . ASSIGNOP Exp
   42    | Exp . AND Exp
   42    | Exp AND Exp .
   43    | Exp . OR Exp
   44    | Exp . RELOP Exp
   45    | Exp . PLUS Exp
   46    | Exp . MINUS Exp
   47    | Exp . STAR Exp
   48    | Exp . DIV Exp
   54    | Exp . LB Exp RB
   55    | Exp . DOT ID
   60    | Exp . LB error RB

    RELOP  shift, and go to state 78
    PLUS   shift, and go to state 79
    MINUS  shift, and go to state 80
    STAR   shift, and go to state 81
    DIV    shift, and go to state 82
    DOT    shift, and go to state 85
    LB     shift, and go to state 86

    $default  reduce using rule 42 (Exp)


state 104

   41 Exp: Exp . ASSIGNOP Exp
   42    | Exp . AND Exp
   43    | Exp . OR Exp
   43    | Exp OR Exp .
   44    | Exp . RELOP Exp
   45    | Exp . PLUS Exp
   46    | Exp . MINUS Exp
   47    | Exp . STAR Exp
   48    | Exp . DIV Exp
   54    | Exp . LB Exp RB
   55    | Exp . DOT ID
   60    | Exp . LB error RB

    RELOP  shift, and go to state 78
    PLUS   shift, and go to state 79
    MINUS  shift, and go to state 80
    STAR   shift, and go to state 81
    DIV    shift, and go to state 82
    AND    shift, and go to state 83
    DOT    shift, and go to state 85
    LB     shift, and go to state 86

    $default  reduce using rule 43 (Exp)


state 105

   55 Exp: Exp DOT ID .

    $default  reduce using rule 55 (Exp)


state 106

   60 Exp: Exp LB error . RB

    RB  shift, and go to state 112


state 107

   41 Exp: Exp . ASSIGNOP Exp
   42    | Exp . AND Exp
   43    | Exp . OR Exp
   44    | Exp . RELOP Exp
   45    | Exp . PLUS Exp
   46    | Exp . MINUS Exp
   47    | Exp . STAR Exp
   48    | Exp . DIV Exp
   54    | Exp . LB Exp RB
   54    | Exp LB Exp . RB
   55    | Exp . DOT ID
   60    | Exp . LB error RB

    ASSIGNOP  shift, and go to state 77
    RELOP     shift, and go to state 78
    PLUS      shift, and go to state 79
    MINUS     shift, and go to state 80
    STAR      shift, and go to state 81
    DIV       shift, and go to state 82
    AND       shift, and go to state 83
    OR        shift, and go to state 84
    DOT       shift, and go to state 85
    LB        shift, and go to state 86
    RB        shift, and go to state 113


state 108

   61 Args: Exp COMMA . Args

    INT    shift, and go to state 48
    FLOAT  shift, and go to state 49
    ID     shift, and go to state 50
    MINUS  shift, and go to state 51
    NOT    shift, and go to state 52
    LP     shift, and go to state 53

    Exp   go to state 90
    Args  go to state 114


state 109

   52 Exp: ID LP Args RP .

    $default  reduce using rule 52 (Exp)


state 110

   30 Stmt: IF LP Exp RP . Stmt
   31     | IF LP Exp RP . Stmt ELSE Stmt

    error   shift, and go to state 47
    INT     shift, and go to state 48
    FLOAT   shift, and go to state 49
    ID      shift, and go to state 50
    MINUS   shift, and go to state 51
    NOT     shift, and go to state 52
    LP      shift, and go to state 53
    LC      shift, and go to state 25
    RETURN  shift, and go to state 54
    IF      shift, and go to state 55
    WHILE   shift, and go to state 56

    CompSt  go to state 57
    Stmt    go to state 115
    Exp     go to state 60


state 111

   32 Stmt: WHILE LP Exp RP . Stmt

    error   shift, and go to state 47
    INT     shift, and go to state 48
    FLOAT   shift, and go to state 49
    ID      shift, and go to state 50
    MINUS   shift, and go to state 51
    NOT     shift, and go to state 52
    LP      shift, and go to state 53
    LC      shift, and go to state 25
    RETURN  shift, and go to state 54
    IF      shift, and go to state 55
    WHILE   shift, and go to state 56

    CompSt  go to state 57
    Stmt    go to state 116
    Exp     go to state 60


state 112

   60 Exp: Exp LB error RB .

    $default  reduce using rule 60 (Exp)


state 113

   54 Exp: Exp LB Exp RB .

    $default  reduce using rule 54 (Exp)


state 114

   61 Args: Exp COMMA Args .

    $default  reduce using rule 61 (Args)


state 115

   30 Stmt: IF LP Exp RP Stmt .
   31     | IF LP Exp RP Stmt . ELSE Stmt

    ELSE  shift, and go to state 117

    $default  reduce using rule 30 (Stmt)


state 116

   32 Stmt: WHILE LP Exp RP Stmt .

    $default  reduce using rule 32 (Stmt)


state 117

   31 Stmt: IF LP Exp RP Stmt ELSE . Stmt

    error   shift, and go to state 47
    INT     shift, and go to state 48
    FLOAT   shift, and go to state 49
    ID      shift, and go to state 50
    MINUS   shift, and go to state 51
    NOT     shift, and go to state 52
    LP      shift, and go to state 53
    LC      shift, and go to state 25
    RETURN  shift, and go to state 54
    IF      shift, and go to state 55
    WHILE   shift, and go to state 56

    CompSt  go to state 57
    Stmt    go to state 118
    Exp     go to state 60


state 118

   31 Stmt: IF LP Exp RP Stmt ELSE Stmt .

    $default  reduce using rule 31 (Stmt)
